e:\study\大三下\计算机视觉与模式识别\project\morphing\morphing\debug\vc140.pdb
e:\study\大三下\计算机视觉与模式识别\project\morphing\morphing\debug\vc140.idb
e:\study\大三下\计算机视觉与模式识别\project\morphing\morphing\debug\delaunay.obj
e:\study\大三下\计算机视觉与模式识别\project\morphing\morphing\debug\source.obj
e:\study\大三下\计算机视觉与模式识别\project\morphing\morphing\debug\all_console.obj
e:\study\大三下\计算机视觉与模式识别\project\morphing\morphing\debug\all_gui.obj
e:\study\大三下\计算机视觉与模式识别\project\morphing\morphing\debug\stack_trace.obj
e:\study\大三下\计算机视觉与模式识别\project\morphing\morphing\debug\main.obj
e:\study\大三下\计算机视觉与模式识别\project\morphing\morphing\debug\morphing.obj
e:\study\大三下\计算机视觉与模式识别\project\morphing\morphing\debug\point.obj
e:\study\大三下\计算机视觉与模式识别\project\morphing\debug\morphing.ilk
e:\study\大三下\计算机视觉与模式识别\project\morphing\debug\morphing.exe
e:\study\大三下\计算机视觉与模式识别\project\morphing\debug\morphing.pdb
e:\study\大三下\计算机视觉与模式识别\project\morphing\morphing\debug\morphing.res
e:\study\大三下\计算机视觉与模式识别\project\morphing\morphing\debug\morphing.tlog\cl.command.1.tlog
e:\study\大三下\计算机视觉与模式识别\project\morphing\morphing\debug\morphing.tlog\cl.read.1.tlog
e:\study\大三下\计算机视觉与模式识别\project\morphing\morphing\debug\morphing.tlog\cl.write.1.tlog
e:\study\大三下\计算机视觉与模式识别\project\morphing\morphing\debug\morphing.tlog\link.command.1.tlog
e:\study\大三下\计算机视觉与模式识别\project\morphing\morphing\debug\morphing.tlog\link.read.1.tlog
e:\study\大三下\计算机视觉与模式识别\project\morphing\morphing\debug\morphing.tlog\link.write.1.tlog
e:\study\大三下\计算机视觉与模式识别\project\morphing\morphing\debug\morphing.tlog\rc.command.1.tlog
e:\study\大三下\计算机视觉与模式识别\project\morphing\morphing\debug\morphing.tlog\rc.read.1.tlog
e:\study\大三下\计算机视觉与模式识别\project\morphing\morphing\debug\morphing.tlog\rc.write.1.tlog
